proguard/seeds.txt
es.simyo.encogetufactura.EncogeTuFacturaApp
es.simyo.encogetufactura.EncogeTuFacturaApp: EncogeTuFacturaApp()
es.simyo.encogetufactura.R$array: int settings_vat
es.simyo.encogetufactura.R$array: int settings_vat_value
es.simyo.encogetufactura.R$attr: int absForceOverflow
es.simyo.encogetufactura.R$attr: int actionBarDivider
es.simyo.encogetufactura.R$attr: int actionBarItemBackground
es.simyo.encogetufactura.R$attr: int actionBarSize
es.simyo.encogetufactura.R$attr: int actionBarSplitStyle
es.simyo.encogetufactura.R$attr: int actionBarStyle
es.simyo.encogetufactura.R$attr: int actionBarTabBarStyle
es.simyo.encogetufactura.R$attr: int actionBarTabStyle
es.simyo.encogetufactura.R$attr: int actionBarTabTextStyle
es.simyo.encogetufactura.R$attr: int actionBarWidgetTheme
es.simyo.encogetufactura.R$attr: int actionButtonStyle
es.simyo.encogetufactura.R$attr: int actionDropDownStyle
es.simyo.encogetufactura.R$attr: int actionMenuTextAppearance
es.simyo.encogetufactura.R$attr: int actionMenuTextColor
es.simyo.encogetufactura.R$attr: int actionModeBackground
es.simyo.encogetufactura.R$attr: int actionModeCloseButtonStyle
es.simyo.encogetufactura.R$attr: int actionModeCloseDrawable
es.simyo.encogetufactura.R$attr: int actionModePopupWindowStyle
es.simyo.encogetufactura.R$attr: int actionModeShareDrawable
es.simyo.encogetufactura.R$attr: int actionModeSplitBackground
es.simyo.encogetufactura.R$attr: int actionModeStyle
es.simyo.encogetufactura.R$attr: int actionOverflowButtonStyle
es.simyo.encogetufactura.R$attr: int actionSpinnerItemStyle
es.simyo.encogetufactura.R$attr: int activatedBackgroundIndicator
es.simyo.encogetufactura.R$attr: int activityChooserViewStyle
es.simyo.encogetufactura.R$bool: int abs__action_bar_embed_tabs
es.simyo.encogetufactura.R$bool: int abs__action_bar_expanded_action_views_exclusive
es.simyo.encogetufactura.R$bool: int abs__config_actionMenuItemAllCaps
es.simyo.encogetufactura.R$bool: int abs__config_allowActionMenuItemTextWithIcon
es.simyo.encogetufactura.R$bool: int abs__config_showMenuShortcutsWhenKeyboardPresent
es.simyo.encogetufactura.R$bool: int abs__split_action_bar_is_narrow
es.simyo.encogetufactura.R$color: int abs__background_holo_dark
es.simyo.encogetufactura.R$color: int abs__background_holo_light
es.simyo.encogetufactura.R$color: int abs__bright_foreground_disabled_holo_dark
es.simyo.encogetufactura.R$color: int abs__bright_foreground_disabled_holo_light
es.simyo.encogetufactura.R$color: int abs__bright_foreground_holo_dark
es.simyo.encogetufactura.R$color: int abs__bright_foreground_holo_light
es.simyo.encogetufactura.R$color: int abs__bright_foreground_inverse_holo_dark
es.simyo.encogetufactura.R$color: int abs__bright_foreground_inverse_holo_light
es.simyo.encogetufactura.R$color: int abs__holo_blue_light
es.simyo.encogetufactura.R$color: int abs__primary_text_disable_only_holo_dark
es.simyo.encogetufactura.R$color: int abs__primary_text_disable_only_holo_light
es.simyo.encogetufactura.R$color: int abs__primary_text_holo_dark
es.simyo.encogetufactura.R$color: int abs__primary_text_holo_light
es.simyo.encogetufactura.R$color: int actionbar_background_end
es.simyo.encogetufactura.R$color: int actionbar_background_start
es.simyo.encogetufactura.R$color: int background
es.simyo.encogetufactura.R$color: int button_blue_end
es.simyo.encogetufactura.R$color: int button_blue_start
es.simyo.encogetufactura.R$color: int button_grey
es.simyo.encogetufactura.R$color: int conzebit_highlight
es.simyo.encogetufactura.R$color: int conzebit_separator
...
com.actionbarsherlock.internal.view.menu.ActionMenuPresenter$PopupPresenterCallback
com.actionbarsherlock.internal.view.menu.ActionMenuPresenter$PopupPresenterCallback: com.actionbarsherlock.internal.view.menu.ActionMenuPresenter this$0
com.actionbarsherlock.internal.view.menu.ActionMenuPresenter$PopupPresenterCallback: ActionMenuPresenter$PopupPresenterCallback(com.actionbarsherlock.internal.view.menu.ActionMenuPresenter)
com.actionbarsherlock.internal.view.menu.ActionMenuPresenter$PopupPresenterCallback: boolean onOpenSubMenu(com.actionbarsherlock.internal.view.menu.MenuBuilder)
com.actionbarsherlock.internal.view.menu.ActionMenuPresenter$PopupPresenterCallback: void onCloseMenu(com.actionbarsherlock.internal.view.menu.MenuBuilder,boolean)
com.actionbarsherlock.internal.view.menu.ActionMenuPresenter$PopupPresenterCallback: ActionMenuPresenter$PopupPresenterCallback(com.actionbarsherlock.internal.view.menu.ActionMenuPresenter,com.actionbarsherlock.internal.view.menu.ActionMenuPresenter$PopupPresenterCallback)
com.actionbarsherlock.internal.view.menu.ActionMenuPresenter$SavedState
com.actionbarsherlock.internal.view.menu.ActionMenuPresenter$SavedState: int openSubMenuId
com.actionbarsherlock.internal.view.menu.ActionMenuPresenter$SavedState: android.os.Parcelable$Creator CREATOR
com.actionbarsherlock.internal.view.menu.ActionMenuPresenter$SavedState: void <clinit>()
com.actionbarsherlock.internal.view.menu.ActionMenuPresenter$SavedState: ActionMenuPresenter$SavedState()
com.actionbarsherlock.internal.view.menu.ActionMenuPresenter$SavedState: ActionMenuPresenter$SavedState(android.os.Parcel)
com.actionbarsherlock.internal.view.menu.ActionMenuPresenter$SavedState: int describeContents()
com.actionbarsherlock.internal.view.menu.ActionMenuPresenter$SavedState: void writeToParcel(android.os.Parcel,int)
com.actionbarsherlock.internal.view.menu.ActionMenuPresenter$SavedState$1
com.actionbarsherlock.internal.view.menu.ActionMenuPresenter$SavedState$1: ActionMenuPresenter$SavedState$1()
com.actionbarsherlock.internal.view.menu.ActionMenuPresenter$SavedState$1: com.actionbarsherlock.internal.view.menu.ActionMenuPresenter$SavedState createFromParcel(android.os.Parcel)
com.actionbarsherlock.internal.view.menu.ActionMenuPresenter$SavedState$1: com.actionbarsherlock.internal.view.menu.ActionMenuPresenter$SavedState[] newArray(int)
com.actionbarsherlock.internal.view.menu.ActionMenuPresenter$SavedState$1: java.lang.Object createFromParcel(android.os.Parcel)
com.actionbarsherlock.internal.view.menu.ActionMenuPresenter$SavedState$1: java.lang.Object[] newArray(int)