proguard/mapping.txt
es.simyo.encogetufactura.EncogeTuFacturaApp -> es.simyo.encogetufactura.EncogeTuFacturaApp:
    com.conzebit.myplan.core.msisdn.MsisdnTypeService msisdnTypeService -> a
    com.conzebit.myplan.core.plan.PlanService planService -> b
    java.util.Date startBillingDate -> c
    java.util.Date endBillingDate -> d
    void onCreate() -> onCreate
    com.conzebit.myplan.core.plan.PlanService getPlanService() -> a
    void setBillingPeriod(int) -> a
    boolean nextBillingPeriod() -> b
    void previousBillingPeriod() -> c
    java.util.Date getStartBillingDate() -> d
    java.util.Date getEndBillingDate() -> e
es.simyo.encogetufactura.activity.AppDetailActivity -> es.simyo.encogetufactura.activity.AppDetailActivity:
    boolean onOptionsItemSelected(com.actionbarsherlock.view.MenuItem) -> onOptionsItemSelected
    void onCreate(android.os.Bundle) -> onCreate
es.simyo.encogetufactura.activity.PlanDetailActivity -> es.simyo.encogetufactura.activity.PlanDetailActivity:
    java.lang.String operator -> a
    java.lang.String planName -> b
    int planResourceID -> c
    boolean onOptionsItemSelected(com.actionbarsherlock.view.MenuItem) -> onOptionsItemSelected
    void onCreate(android.os.Bundle) -> onCreate
    int access$0(es.simyo.encogetufactura.activity.PlanDetailActivity) -> a
es.simyo.encogetufactura.activity.PlanDetailActivity$1 -> es.simyo.encogetufactura.activity.a:
    es.simyo.encogetufactura.activity.PlanDetailActivity this$0 -> a
    void onClick(android.view.View) -> onClick
es.simyo.encogetufactura.activity.PlanDetailActivity$2 -> es.simyo.encogetufactura.activity.b:
    es.simyo.encogetufactura.activity.PlanDetailActivity this$0 -> a
    void onClick(android.view.View) -> onClick
es.simyo.encogetufactura.activity.PlanDetailActivity$3 -> es.simyo.encogetufactura.activity.c:
    es.simyo.encogetufactura.activity.PlanDetailActivity this$0 -> a
    void onClick(android.view.View) -> onClick
es.simyo.encogetufactura.activity.PlanDetailAdapter -> es.simyo.encogetufactura.activity.d:
    boolean isEnabled(int) -> isEnabled
    android.view.View getView(int,android.view.View,android.view.ViewGroup) -> getView
es.simyo.encogetufactura.activity.PlanDetailAdapter$PlanCallAdapterView -> es.simyo.encogetufactura.activity.e:
    es.simyo.encogetufactura.activity.PlanDetailAdapter this$0 -> a
    void addChargeableLine(java.lang.Integer,java.lang.String,java.lang.String,java.lang.String,com.conzebit.myplan.core.plan.PlanChargeable,android.content.Context) -> a
es.simyo.encogetufactura.activity.PlanHelper -> es.simyo.encogetufactura.activity.f:
    void getPlanSummaryView(android.content.Context,android.widget.LinearLayout,com.conzebit.myplan.core.plan.PlanSummary,int) -> a
    java.lang.String getBillingPeriod(android.app.Activity) -> a
es.simyo.encogetufactura.activity.PlanInfoActivity -> es.simyo.encogetufactura.activity.PlanInfoActivity:
    boolean onOptionsItemSelected(com.actionbarsherlock.view.MenuItem) -> onOptionsItemSelected
    void onCreate(android.os.Bundle) -> onCreate
es.simyo.encogetufactura.activity.PlanInfoActivity$1 -> es.simyo.encogetufactura.activity.g:
    es.simyo.encogetufactura.activity.PlanInfoActivity this$0 -> a
    void onClick(android.view.View) -> onClick
es.simyo.encogetufactura.activity.PlanInfoActivity$2 -> es.simyo.encogetufactura.activity.h:
    es.simyo.encogetufactura.activity.PlanInfoActivity this$0 -> a
    void onClick(android.view.View) -> onClick
es.simyo.encogetufactura.activity.PlanInfoActivity$3 -> es.simyo.encogetufactura.activity.i:
    es.simyo.encogetufactura.activity.PlanInfoActivity this$0 -> a
    void onClick(android.view.View) -> onClick
es.simyo.encogetufactura.activity.PlanInfoActivity$4 -> es.simyo.encogetufactura.activity.j:
    es.simyo.encogetufactura.activity.PlanInfoActivity this$0 -> a
    void onClick(android.view.View) -> onClick
...
android.support.v4.view.VelocityTrackerCompat$VelocityTrackerVersionImpl -> android.support.v4.view.q:
    float getXVelocity(android.view.VelocityTracker,int) -> a
android.support.v4.view.VelocityTrackerCompatHoneycomb -> android.support.v4.view.r:
    float getXVelocity(android.view.VelocityTracker,int) -> a
android.support.v4.view.ViewCompat -> android.support.v4.view.s:
    android.support.v4.view.ViewCompat$ViewCompatImpl IMPL -> a
    boolean canScrollHorizontally(android.view.View,int) -> a
    int getOverScrollMode(android.view.View) -> a
android.support.v4.view.ViewCompat$BaseViewCompatImpl -> android.support.v4.view.t:
    boolean canScrollHorizontally(android.view.View,int) -> a
    int getOverScrollMode(android.view.View) -> a
android.support.v4.view.ViewCompat$GBViewCompatImpl -> android.support.v4.view.u:
    int getOverScrollMode(android.view.View) -> a
android.support.v4.view.ViewCompat$ICSViewCompatImpl -> android.support.v4.view.v:
    boolean canScrollHorizontally(android.view.View,int) -> a
android.support.v4.view.ViewCompat$ViewCompatImpl -> android.support.v4.view.w:
    boolean canScrollHorizontally(android.view.View,int) -> a
    int getOverScrollMode(android.view.View) -> a
android.support.v4.view.ViewCompatGingerbread -> android.support.v4.view.x:
    int getOverScrollMode(android.view.View) -> a
android.support.v4.view.ViewCompatICS -> android.support.v4.view.y:
    boolean canScrollHorizontally(android.view.View,int) -> a
android.support.v4.view.ViewConfigurationCompat -> android.support.v4.view.z:
    android.support.v4.view.ViewConfigurationCompat$ViewConfigurationVersionImpl IMPL -> a
    int getScaledPagingTouchSlop(android.view.ViewConfiguration) -> a
android.support.v4.view.ViewConfigurationCompat$BaseViewConfigurationVersionImpl -> android.support.v4.view.aa:
    int getScaledPagingTouchSlop(android.view.ViewConfiguration) -> a
android.support.v4.view.ViewConfigurationCompat$FroyoViewConfigurationVersionImpl -> android.support.v4.view.ab:
    int getScaledPagingTouchSlop(android.view.ViewConfiguration) -> a
android.support.v4.view.ViewConfigurationCompat$ViewConfigurationVersionImpl -> android.support.v4.view.ac:
    int getScaledPagingTouchSlop(android.view.ViewConfiguration) -> a
android.support.v4.view.ViewConfigurationCompatFroyo -> android.support.v4.view.ad:
    int getScaledPagingTouchSlop(android.view.ViewConfiguration) -> a
android.support.v4.view.ViewPager -> android.support.v4.view.ViewPager:
    int[] LAYOUT_ATTRS -> a
    java.util.Comparator COMPARATOR -> b
    android.view.animation.Interpolator sInterpolator -> c
    java.util.ArrayList mItems -> d
    android.support.v4.view.PagerAdapter mAdapter -> e
    int mCurItem -> f
    int mRestoredCurItem -> g
    android.os.Parcelable mRestoredAdapterState -> h
    java.lang.ClassLoader mRestoredClassLoader -> i
    android.widget.Scroller mScroller -> j
    android.support.v4.view.ViewPager$PagerObserver mObserver -> k
    int mPageMargin -> l
    android.graphics.drawable.Drawable mMarginDrawable -> m
    int mTopPageBounds -> n
    int mBottomPageBounds -> o
    int mChildWidthMeasureSpec -> p
    int mChildHeightMeasureSpec -> q
    boolean mInLayout -> r
    boolean mScrollingCacheEnabled -> s
    boolean mPopulatePending -> t
    boolean mScrolling -> u
    int mOffscreenPageLimit -> v
    boolean mIsBeingDragged -> w
    boolean mIsUnableToDrag -> x
    int mTouchSlop -> y
    float mInitialMotionX -> z
    float mLastMotionX -> A
    float mLastMotionY -> B
    int mActivePointerId -> C
    android.view.VelocityTracker mVelocityTracker -> D
    int mMinimumVelocity -> E
    int mMaximumVelocity -> F
    int mFlingDistance -> G
    boolean mFakeDragging -> H
    android.support.v4.widget.EdgeEffectCompat mLeftEdge -> I
    android.support.v4.widget.EdgeEffectCompat mRightEdge -> J
    boolean mFirstLayout -> K