proguard/usage.txt
es.simyo.encogetufactura.BuildConfig
es.simyo.encogetufactura.EncogeTuFacturaApp:
    public static final java.lang.String DEFAULT_COUNTRY
    public static final java.lang.String CALL_NUMBER
    56:56:public com.conzebit.myplan.core.msisdn.MsisdnTypeService getMsisdnTypeService()
es.simyo.encogetufactura.R
es.simyo.encogetufactura.R$array
es.simyo.encogetufactura.R$attr
es.simyo.encogetufactura.R$bool
es.simyo.encogetufactura.R$color
es.simyo.encogetufactura.R$dimen
es.simyo.encogetufactura.R$drawable
es.simyo.encogetufactura.R$id
es.simyo.encogetufactura.R$integer
es.simyo.encogetufactura.R$layout
es.simyo.encogetufactura.R$menu
es.simyo.encogetufactura.R$string
es.simyo.encogetufactura.R$style
es.simyo.encogetufactura.R$styleable
es.simyo.encogetufactura.activity.PlanHelper:
    31:31:public PlanHelper()
es.simyo.encogetufactura.activity.StatisticsHelper:
    37:37:public StatisticsHelper()
es.simyo.encogetufactura.plan.ESSimyo:
    private static final double INTERNATIONAL_INITIAL_PRICE
    private static final double INTERNATIONAL_PRICE_PER_SECOND
    private static final double INTERNATIONAL_PRICE_PER_SECOND_CU_KP_SO
    private static final double INTERNATIONAL_SMS_PRICE
    private static final double DATARXTX_KB_EXPRA_PRICE
es.simyo.encogetufactura.plan.ESSimyo0y5centimos:
    52:52:public java.lang.String getPlanURL()
es.simyo.encogetufactura.plan.ESSimyo0y8centimos
es.simyo.encogetufactura.plan.ESSimyo2centimos:
    51:51:public java.lang.String getPlanURL()
es.simyo.encogetufactura.plan.ESSimyo5centimos:
    51:51:public java.lang.String getPlanURL()
es.simyo.encogetufactura.plan.ESSimyoPura:
    50:50:public java.lang.String getPlanURL()
es.simyo.encogetufactura.receiver.NetworkReceiver:
    private static final long SHORT_DELAY
    private static final long LONG_DELAY
    private static final java.lang.String SHEDULED
...
android.support.v4.content.Loader$ForceLoadContentObserver
android.support.v4.content.Loader$OnLoadCompleteListener:
    public abstract void onLoadComplete(android.support.v4.content.Loader,java.lang.Object)
android.support.v4.content.LocalBroadcastManager
android.support.v4.content.LocalBroadcastManager$1
android.support.v4.content.LocalBroadcastManager$BroadcastRecord
android.support.v4.content.LocalBroadcastManager$ReceiverRecord
android.support.v4.content.ModernAsyncTask
android.support.v4.content.ModernAsyncTask$1
android.support.v4.content.ModernAsyncTask$2
android.support.v4.content.ModernAsyncTask$3
android.support.v4.content.ModernAsyncTask$4
android.support.v4.content.ModernAsyncTask$AsyncTaskResult
android.support.v4.content.ModernAsyncTask$InternalHandler
android.support.v4.content.ModernAsyncTask$Status
android.support.v4.content.ModernAsyncTask$WorkerRunnable
android.support.v4.content.pm.ActivityInfoCompat
android.support.v4.database.DatabaseUtilsCompat
android.support.v4.os.ParcelableCompat:
    26:42:public ParcelableCompat()
android.support.v4.os.ParcelableCompatCreatorHoneycombMR2Stub:
    22:22:ParcelableCompatCreatorHoneycombMR2Stub()
android.support.v4.util.DebugUtils:
    25:25:public DebugUtils()
android.support.v4.util.LruCache
android.support.v4.util.TimeUtils
android.support.v4.view.AccessibilityDelegateCompat
android.support.v4.view.AccessibilityDelegateCompat$AccessibilityDelegateIcsImpl
android.support.v4.view.AccessibilityDelegateCompat$AccessibilityDelegateIcsImpl$1
android.support.v4.view.AccessibilityDelegateCompat$AccessibilityDelegateImpl
android.support.v4.view.AccessibilityDelegateCompat$AccessibilityDelegateStubImpl
android.support.v4.view.AccessibilityDelegateCompatIcs
android.support.v4.view.AccessibilityDelegateCompatIcs$1
android.support.v4.view.AccessibilityDelegateCompatIcs$AccessibilityDelegateBridge
android.support.v4.view.KeyEventCompat:
    25:95:public KeyEventCompat()
    127:127:public static int normalizeMetaState(int)
    131:131:public static boolean metaStateHasModifiers(int,int)
    135:135:public static boolean metaStateHasNoModifiers(int)
android.support.v4.view.KeyEventCompat$BaseKeyEventVersionImpl:
    private static final int META_MODIFIER_MASK
    private static final int META_ALL_MASK
android.support.v4.view.KeyEventCompat$HoneycombKeyEventVersionImpl:
    98:98:public int normalizeMetaState(int)
android.support.v4.view.KeyEventCompat$KeyEventVersionImpl:
    public abstract int normalizeMetaState(int)
android.support.v4.view.KeyEventCompatHoneycomb:
    24:24:KeyEventCompatHoneycomb()
    26:26:public static int normalizeMetaState(int)
android.support.v4.view.MenuCompat
android.support.v4.view.MenuCompat$BaseMenuVersionImpl
android.support.v4.view.MenuCompat$HoneycombMenuVersionImpl
android.support.v4.view.MenuCompat$MenuVersionImpl
android.support.v4.view.MenuItemCompat
android.support.v4.view.MenuItemCompat$BaseMenuVersionImpl
android.support.v4.view.MenuItemCompat$HoneycombMenuVersionImpl
android.support.v4.view.MenuItemCompat$MenuVersionImpl
android.support.v4.view.MenuItemCompatHoneycomb
android.support.v4.view.MotionEventCompat:
    public static final int ACTION_MASK
    public static final int ACTION_POINTER_DOWN
    public static final int ACTION_POINTER_UP
    public static final int ACTION_HOVER_MOVE
    public static final int ACTION_SCROLL
    public static final int ACTION_POINTER_INDEX_MASK
    public static final int ACTION_POINTER_INDEX_SHIFT
    25:75:public MotionEventCompat()
    148:148:public static int getActionMasked(android.view.MotionEvent)
android.support.v4.view.MotionEventCompatEclair:
    24:24:MotionEventCompatEclair()
android.support.v4.view.PagerTitleStrip:
    private static final java.lang.String TAG
    private static final int SIDE_ALPHA
    private static final int TEXT_SPACING
    67:68:public PagerTitleStrip(android.content.Context)